<?xml version="1.0" encoding="UTF-8"?>
<robot generator="Robot 6.0.2 (Python 3.11.1 on win32)" generated="20230210 10:54:51.934" rpa="false" schemaversion="3">
<suite id="s1" name="Demo" source="C:\development\robot-scripts\keyword-demo\demo.robot">
<test id="s1-t1" name="Test case 1" line="4">
<kw name="Do Something">
<kw name="Log" library="BuiltIn">
<arg>I am doing something...</arg>
<doc>Logs the given message with the given level.</doc>
<msg timestamp="20230210 10:54:51.984" level="INFO">I am doing something...</msg>
<status status="PASS" starttime="20230210 10:54:51.983" endtime="20230210 10:54:51.984"/>
</kw>
<status status="PASS" starttime="20230210 10:54:51.983" endtime="20230210 10:54:51.984"/>
</kw>
<kw name="Do Something Else">
<kw name="Log" library="BuiltIn">
<arg>I am doing something else...</arg>
<doc>Logs the given message with the given level.</doc>
<msg timestamp="20230210 10:54:51.985" level="INFO">I am doing something else...</msg>
<status status="PASS" starttime="20230210 10:54:51.984" endtime="20230210 10:54:51.985"/>
</kw>
<status status="PASS" starttime="20230210 10:54:51.984" endtime="20230210 10:54:51.985"/>
</kw>
<status status="PASS" starttime="20230210 10:54:51.983" endtime="20230210 10:54:51.985"/>
</test>
<test id="s1-t2" name="Test case" line="7">
<kw name="Do Another Thing">
<kw name="Log" library="BuiltIn">
<arg>I am doing another thing...</arg>
<doc>Logs the given message with the given level.</doc>
<msg timestamp="20230210 10:54:51.988" level="INFO">I am doing another thing...</msg>
<status status="PASS" starttime="20230210 10:54:51.987" endtime="20230210 10:54:51.988"/>
</kw>
<status status="PASS" starttime="20230210 10:54:51.987" endtime="20230210 10:54:51.988"/>
</kw>
<kw name="Do Something Else">
<kw name="Log" library="BuiltIn">
<arg>I am doing something else...</arg>
<doc>Logs the given message with the given level.</doc>
<msg timestamp="20230210 10:54:51.988" level="INFO">I am doing something else...</msg>
<status status="PASS" starttime="20230210 10:54:51.988" endtime="20230210 10:54:51.988"/>
</kw>
<status status="PASS" starttime="20230210 10:54:51.988" endtime="20230210 10:54:51.989"/>
</kw>
<status status="PASS" starttime="20230210 10:54:51.987" endtime="20230210 10:54:51.989"/>
</test>
<status status="PASS" starttime="20230210 10:54:51.936" endtime="20230210 10:54:51.990"/>
</suite>
<statistics>
<total>
<stat pass="2" fail="0" skip="0">All Tests</stat>
</total>
<tag>
</tag>
<suite>
<stat pass="2" fail="0" skip="0" id="s1" name="Demo">Demo</stat>
</suite>
</statistics>
<errors>
</errors>
</robot>
